<?xml version="1.0" encoding="utf-8" standalone="no"?>
<!--This file represents the results of running a test suite-->
<test-results name="C:\Users\Luis_&amp;_Telma\Desktop\jpmorgan\SuperSimpleStocksAssignement\NUnitSuperSimpleStocks\NUnitSuperSimpleStocks.csproj" total="11" errors="0" failures="0" not-run="0" inconclusive="0" ignored="0" skipped="0" invalid="0" date="2015-09-17" time="23:49:49">
  <environment nunit-version="2.6.4.14350" clr-version="2.0.50727.4253" os-version="Microsoft Windows NT 6.0.6002 Service Pack 2" platform="Win32NT" cwd="C:\Users\Luis_&amp;_Telma\Desktop\jpmorgan\SuperSimpleStocksAssignement\NUnitSuperSimpleStocks" machine-name="LUIS_E_TELMA-PC" user="Luis_&amp;_Telma" user-domain="Luis_e_Telma-PC" />
  <culture-info current-culture="pt-PT" current-uiculture="pt-PT" />
  <test-suite type="Project" name="C:\Users\Luis_&amp;_Telma\Desktop\jpmorgan\SuperSimpleStocksAssignement\NUnitSuperSimpleStocks\NUnitSuperSimpleStocks.csproj" executed="True" result="Success" success="True" time="0.096" asserts="0">
    <results>
      <test-suite type="Assembly" name="C:\Users\Luis_&amp;_Telma\Desktop\jpmorgan\SuperSimpleStocksAssignement\NUnitSuperSimpleStocks\bin\Debug\NUnitSuperSimpleStocks.exe" executed="True" result="Success" success="True" time="0.095" asserts="0">
        <results>
          <test-suite type="Namespace" name="NUnitSuperSimpleStocks" executed="True" result="Success" success="True" time="0.094" asserts="0">
            <results>
              <test-suite type="TestFixture" name="StocksUtilsTests" executed="True" result="Success" success="True" time="0.092" asserts="0">
                <results>
                  <test-case name="NUnitSuperSimpleStocks.StocksUtilsTests.TestAllShareIndex" executed="True" result="Success" success="True" time="0.001" asserts="4" />
                  <test-case name="NUnitSuperSimpleStocks.StocksUtilsTests.TestDividendYield" executed="True" result="Success" success="True" time="0.001" asserts="5" />
                  <test-case name="NUnitSuperSimpleStocks.StocksUtilsTests.TestGeometricMean" executed="True" result="Success" success="True" time="0.001" asserts="2" />
                  <test-case name="NUnitSuperSimpleStocks.StocksUtilsTests.TestPriceEarningsRatio" executed="True" result="Success" success="True" time="0.001" asserts="3" />
                  <test-case name="NUnitSuperSimpleStocks.StocksUtilsTests.TestSetTrade" executed="True" result="Success" success="True" time="0.001" asserts="3" />
                  <test-case name="NUnitSuperSimpleStocks.StocksUtilsTests.TestStockPrice" executed="True" result="Success" success="True" time="0.001" asserts="3" />
                  <test-case name="NUnitSuperSimpleStocks.StocksUtilsTests.TestTickerPrice" executed="True" result="Success" success="True" time="0.001" asserts="3" />
                  <test-suite type="ParameterizedTest" name="TestValidSymbolsPrice" executed="True" result="Success" success="True" time="0.035" asserts="0">
                    <results>
                      <test-case name="NUnitSuperSimpleStocks.StocksUtilsTests.TestValidSymbolsPrice(&quot;TEA&quot;)" executed="True" result="Success" success="True" time="0.001" asserts="1" />
                      <test-case name="NUnitSuperSimpleStocks.StocksUtilsTests.TestValidSymbolsPrice(&quot;POP&quot;)" executed="True" result="Success" success="True" time="0.001" asserts="1" />
                      <test-case name="NUnitSuperSimpleStocks.StocksUtilsTests.TestValidSymbolsPrice(&quot;ALE&quot;)" executed="True" result="Success" success="True" time="0.001" asserts="1" />
                      <test-case name="NUnitSuperSimpleStocks.StocksUtilsTests.InvalidSymbol" description="The requested symbol does not exist in the current context" executed="True" result="Success" success="True" time="0.006" asserts="0" />
                    </results>
                  </test-suite>
                </results>
              </test-suite>
            </results>
          </test-suite>
        </results>
      </test-suite>
    </results>
  </test-suite>
</test-results>